{"C:\\aulareactnative\\src\\components\\Contador\\Contador.tsx": {"path":"C:\\aulareactnative\\src\\components\\Contador\\Contador.tsx","statementMap":{"0":{"start":{"line":10,"column":17},"end":{"line":35,"column":1}},"1":{"start":{"line":12,"column":2},"end":{"line":34,"column":4}},"2":{"start":{"line":22,"column":29},"end":{"line":22,"column":40}},"3":{"start":{"line":37,"column":15},"end":{"line":66,"column":2}}},"fnMap":{"0":{"name":"(anonymous_0)","decl":{"start":{"line":10,"column":17},"end":{"line":10,"column":18}},"loc":{"start":{"line":10,"column":69},"end":{"line":35,"column":1}},"line":10},"1":{"name":"(anonymous_1)","decl":{"start":{"line":22,"column":23},"end":{"line":22,"column":24}},"loc":{"start":{"line":22,"column":29},"end":{"line":22,"column":40}},"line":22}},"branchMap":{"0":{"loc":{"start":{"line":10,"column":40},"end":{"line":10,"column":48}},"type":"default-arg","locations":[{"start":{"line":10,"column":47},"end":{"line":10,"column":48}}],"line":10}},"s":{"0":1,"1":5,"2":0,"3":1},"f":{"0":5,"1":0},"b":{"0":[3]},"_coverageSchema":"1a1c01bbd47fc00a2c39e90264f33305004495a9","hash":"92e90c5208312f57d071ffecd30d5205d31aa2fe"}
}
